Seed: 6b6a6873666f6968776566726c6973666c686873646c666b77656c666c6e7378
Ciphertext: 313364353535383962323039646431333363663761346638373337333331383131343430366263623864393566633263396265306538363764656135303836623363386336363132616536363938396635666264396332313863366439613431383437623936
Plaintext: 6b835dd0e879934f0c39345f734368dba4958150461a2daa3e0d33e5a2ed5f2fb192c034376263623864393566633263d9f991346438363764656135303836623363386336363132616536363938396635666264396332313863366439613431383437623936
Seed: 6b6a6873666f6968776566726c6973666c686873646c666b77656c666c6e7378
Ciphertext: 313364353535383962323039646431333363663761346638373337333331383131343430366263623864393566633263396265306538363764656135303836623363386336363132616536363938396635666264396332313863366439613431626431326238
Plaintext: 6b835dd0e879934f0c39345f734368dba4958150461a2daa3e0d33e5a2ed5f2f575d4443366263623864393566633263d9b905326438363764656135303836623363386336363132616536363938396635666264396332313863366439613431626431326238
Seed: 6b6a6873666f6968776566726c6973666c686873646c666b77656c666c6e7378
Ciphertext (Hex): 313364353535383962323039646431333363663761346638373337333331383131343430366263623864393566633263396265306538363764656135303836623363386336363132616536363938396635666264396332313863366439613431626431326238
Ciphertext: 13d55589b209dd133cf7a4f87373318114406bcb8d95fc2c9be0e867dea5086b3c8c6612ae66989f5fbd9c218c6d9a41bd12b8
Plaintext: 49656c6c6f45766552fca09e6454686983b68cacaabbb7be92deecb14f796f757a1a8e966e72546809f3f7956c657374ec92f5
Hex format: de4377e27f8886e29e2485174c372fd2f10f4a0c41773dd763c768f623978c2d
Seed: 6b6a6873666f6968776566726c6973666c686873646c666b77656c666c6e7378
Ciphertext (Hex): 313364353535383962323039646431333363663761346638373337333331383131343430366263623864393566633263396265306538363764656135303836623363386336363132616536363938396635666264396332313863366439613431626634643932
Ciphertext: 13d55589b209dd133cf7a4f87373318114406bcb8d95fc2c9be0e867dea5086b3c8c6612ae66989f5fbd9c218c6d9a41bf4d92
Plaintext: 49656c6c6f45766552fca09e6454686983b68cacaabbb7be92deecb14f796f757a1a8e966e72546809f3f7956c657374eecddf
Hex format: daf7c7fead2c3f596d69a4a86a7990a80441750a25152a938d371f4629dbb495
Seed: 6b6a6873666f6968776566726c6973666c686873646c666b77656c666c6e7378
Ciphertext (Hex): 313264353535383962323039646431333163373236623038373237333331383165346266393433343732366130336433356236643463393764666135303836623334633261396532616636363938396633663364333864313864366439613431333466323437
Ciphertext: 12d55589b209dd131c726b0872733181e4bf9434726a03d35b6d4c97dfa5086b34c2a9e2af66989f3f3d38d18d6d9a4134f247
Plaintext: 48656c6c6f45766572796f6e655468697349735355444841525348414e796f75725441666f725468697353656d65737465720a
Hex format: af8a461bbe2f42b3afc07e230cc2737d0ddb52f94c554e5425127a560a6a18ed
Seed: 6b6a6873666f6968776566726c6973666c686873646c666b77656c666c6e7378
Ciphertext (Hex): 313264353535383962323039646431333163373236623038373237333331383165346266393433343732366130336433356236643463393764666135303836623334633261396532616636363938396633663364333864313864366439613431333466323437
Ciphertext: 12d55589b209dd131c726b0872733181e4bf9434726a03d35b6d4c97dfa5086b34c2a9e2af66989f3f3d38d18d6d9a4134f247
Plaintext: 48656c6c6f45766572796f6e655468697349735355444841525348414e796f75725441666f725468697353656d65737465720a
Hex format: af8a461bbe2f42b3afc07e230cc2737d0ddb52f94c554e5425127a560a6a18ed
Seed: 6b6a6873666f6968776566726c6973666c686873646c666b77656c666c6e7378
Ciphertext (Hex): 313264353535383962323039646431333163373236623038373237333331383165346266393433343732366130336433356236643463393764666135303836623334633261396532616636363938396633663364333864313864366439613431333466323437
Ciphertext: 12d55589b209dd131c726b0872733181e4bf9434726a03d35b6d4c97dfa5086b34c2a9e2af66989f3f3d38d18d6d9a4134f247
Plaintext: 48656c6c6f45766572796f6e655468697349735355444841525348414e796f75725441666f725468697353656d65737465720a
Hex format: af8a461bbe2f42b3afc07e230cc2737d0ddb52f94c554e5425127a560a6a18ed
